<?xml version="1.0" encoding="UTF-8"?>
<!-- Generated by org.testng.reporters.JUnitReportReporter -->
<testsuite hostname="MariaBegum" failures="0" tests="7" name="pagesTest.HomePageTest" time="57.198" errors="3" timestamp="2024-10-22T13:15:01 EDT" skipped="3">
  <testcase classname="pagesTest.HomePageTest" name="initialTest" time="0.003">
    <error type="java.lang.NullPointerException">
      <![CDATA[java.lang.NullPointerException
at reports.TestManager.createTest(TestManager.java:14)
at baseUtil.BaseClass.initialTest(BaseClass.java:44)
at java.base/jdk.internal.reflect.NativeMethodAccessorImpl.invoke0(Native Method)
at java.base/jdk.internal.reflect.NativeMethodAccessorImpl.invoke(NativeMethodAccessorImpl.java:62)
at java.base/jdk.internal.reflect.DelegatingMethodAccessorImpl.invoke(DelegatingMethodAccessorImpl.java:43)
at java.base/java.lang.reflect.Method.invoke(Method.java:566)
at org.testng.internal.invokers.MethodInvocationHelper.invokeMethod(MethodInvocationHelper.java:141)
at org.testng.internal.invokers.MethodInvocationHelper.invokeMethodConsideringTimeout(MethodInvocationHelper.java:71)
at org.testng.internal.invokers.ConfigInvoker.invokeConfigurationMethod(ConfigInvoker.java:400)
at org.testng.internal.invokers.ConfigInvoker.invokeConfigurations(ConfigInvoker.java:333)
at org.testng.internal.invokers.TestInvoker.runConfigMethods(TestInvoker.java:833)
at org.testng.internal.invokers.TestInvoker.invokeMethod(TestInvoker.java:600)
at org.testng.internal.invokers.TestInvoker.invokeTestMethod(TestInvoker.java:230)
at org.testng.internal.invokers.MethodRunner.runInSequence(MethodRunner.java:63)
at org.testng.internal.invokers.TestInvoker$MethodInvocationAgent.invoke(TestInvoker.java:992)
at org.testng.internal.invokers.TestInvoker.invokeTestMethods(TestInvoker.java:203)
at org.testng.internal.invokers.TestMethodWorker.invokeTestMethods(TestMethodWorker.java:154)
at org.testng.internal.invokers.TestMethodWorker.run(TestMethodWorker.java:134)
at java.base/java.util.ArrayList.forEach(ArrayList.java:1541)
at org.testng.TestRunner.privateRun(TestRunner.java:739)
at org.testng.TestRunner.run(TestRunner.java:614)
at org.testng.SuiteRunner.runTest(SuiteRunner.java:421)
at org.testng.SuiteRunner.runSequentially(SuiteRunner.java:413)
at org.testng.SuiteRunner.privateRun(SuiteRunner.java:373)
at org.testng.SuiteRunner.run(SuiteRunner.java:312)
at org.testng.SuiteRunnerWorker.runSuite(SuiteRunnerWorker.java:52)
at org.testng.SuiteRunnerWorker.run(SuiteRunnerWorker.java:95)
at org.testng.TestNG.runSuitesSequentially(TestNG.java:1274)
at org.testng.TestNG.runSuitesLocally(TestNG.java:1208)
at org.testng.TestNG.runSuites(TestNG.java:1112)
at org.testng.TestNG.run(TestNG.java:1079)
at org.testng.remote.AbstractRemoteTestNG.run(AbstractRemoteTestNG.java:115)
at org.testng.remote.RemoteTestNG.initAndRun(RemoteTestNG.java:293)
at org.testng.remote.RemoteTestNG.main(RemoteTestNG.java:91)
]]>
    </error>
  </testcase> <!-- initialTest -->
  <testcase classname="pagesTest.HomePageTest" name="enrollNowTest" time="57.181">
    <system-out>
      <![CDATA[[[ChromeDriver: chrome on windows (bf0bda2e443fd3a253295c3c79b955cf)] -> id: login-link]<---------> is Displayed, true<br>
Sleeping ... zZz 4000<br>
[[ChromeDriver: chrome on windows (bf0bda2e443fd3a253295c3c79b955cf)] -> xpath: //input[@name='username']]<---------> is Displayed, true<br>
7572maria@gmail.com <-----> has been put into <-----> [[ChromeDriver: chrome on windows (bf0bda2e443fd3a253295c3c79b955cf)] -> xpath: //input[@name='username']]<br>
[[ChromeDriver: chrome on windows (bf0bda2e443fd3a253295c3c79b955cf)] -> xpath: //input[@name='password']]<---------> is Displayed, true<br>
@#STM2024@# <-----> has been put into <-----> [[ChromeDriver: chrome on windows (bf0bda2e443fd3a253295c3c79b955cf)] -> xpath: //input[@name='password']]<br>
[[ChromeDriver: chrome on windows (bf0bda2e443fd3a253295c3c79b955cf)] -> css selector: input.btn.btn-lg.px-5]<---------> is Enabled, true<br>
Proxy element for: DefaultElementLocator 'By.cssSelector: input.btn.btn-lg.px-5'<-------> has been clicked<br>
Sleeping ... zZz 4000<br>
Sleeping ... zZz 4000<br>
[[ChromeDriver: chrome on windows (bf0bda2e443fd3a253295c3c79b955cf)] -> partial link text: Enroll Now]<---------> is Enabled, true<br>
[[ChromeDriver: chrome on windows (bf0bda2e443fd3a253295c3c79b955cf)] -> partial link text: Enroll Now] ---> Actual text : Enroll Now. Expected text : Enroll Now<br>
[[ChromeDriver: chrome on windows (bf0bda2e443fd3a253295c3c79b955cf)] -> partial link text: Enroll Now]<-------> has been clicked<br>
Sleeping ... zZz 4000<br>
Sleeping ... zZz 4000<br>]]>
    </system-out>
  </testcase> <!-- enrollNowTest -->
  <testcase classname="pagesTest.HomePageTest" name="initialTest" time="0.002">
    <error type="java.lang.NullPointerException">
      <![CDATA[java.lang.NullPointerException
at reports.TestManager.createTest(TestManager.java:14)
at baseUtil.BaseClass.initialTest(BaseClass.java:44)
at java.base/jdk.internal.reflect.NativeMethodAccessorImpl.invoke0(Native Method)
at java.base/jdk.internal.reflect.NativeMethodAccessorImpl.invoke(NativeMethodAccessorImpl.java:62)
at java.base/jdk.internal.reflect.DelegatingMethodAccessorImpl.invoke(DelegatingMethodAccessorImpl.java:43)
at java.base/java.lang.reflect.Method.invoke(Method.java:566)
at org.testng.internal.invokers.MethodInvocationHelper.invokeMethod(MethodInvocationHelper.java:141)
at org.testng.internal.invokers.MethodInvocationHelper.invokeMethodConsideringTimeout(MethodInvocationHelper.java:71)
at org.testng.internal.invokers.ConfigInvoker.invokeConfigurationMethod(ConfigInvoker.java:400)
at org.testng.internal.invokers.ConfigInvoker.invokeConfigurations(ConfigInvoker.java:333)
at org.testng.internal.invokers.TestInvoker.runConfigMethods(TestInvoker.java:833)
at org.testng.internal.invokers.TestInvoker.invokeMethod(TestInvoker.java:600)
at org.testng.internal.invokers.TestInvoker.invokeTestMethod(TestInvoker.java:230)
at org.testng.internal.invokers.MethodRunner.runInSequence(MethodRunner.java:63)
at org.testng.internal.invokers.TestInvoker$MethodInvocationAgent.invoke(TestInvoker.java:992)
at org.testng.internal.invokers.TestInvoker.invokeTestMethods(TestInvoker.java:203)
at org.testng.internal.invokers.TestMethodWorker.invokeTestMethods(TestMethodWorker.java:154)
at org.testng.internal.invokers.TestMethodWorker.run(TestMethodWorker.java:134)
at java.base/java.util.ArrayList.forEach(ArrayList.java:1541)
at org.testng.TestRunner.privateRun(TestRunner.java:739)
at org.testng.TestRunner.run(TestRunner.java:614)
at org.testng.SuiteRunner.runTest(SuiteRunner.java:421)
at org.testng.SuiteRunner.runSequentially(SuiteRunner.java:413)
at org.testng.SuiteRunner.privateRun(SuiteRunner.java:373)
at org.testng.SuiteRunner.run(SuiteRunner.java:312)
at org.testng.SuiteRunnerWorker.runSuite(SuiteRunnerWorker.java:52)
at org.testng.SuiteRunnerWorker.run(SuiteRunnerWorker.java:95)
at org.testng.TestNG.runSuitesSequentially(TestNG.java:1274)
at org.testng.TestNG.runSuitesLocally(TestNG.java:1208)
at org.testng.TestNG.runSuites(TestNG.java:1112)
at org.testng.TestNG.run(TestNG.java:1079)
at org.testng.remote.AbstractRemoteTestNG.run(AbstractRemoteTestNG.java:115)
at org.testng.remote.RemoteTestNG.initAndRun(RemoteTestNG.java:293)
at org.testng.remote.RemoteTestNG.main(RemoteTestNG.java:91)
]]>
    </error>
  </testcase> <!-- initialTest -->
  <testcase classname="pagesTest.HomePageTest" name="enrollNowTest" time="0.000">
    <skipped/>
  </testcase> <!-- enrollNowTest -->
  <testcase classname="pagesTest.HomePageTest" name="enrollNowTest" time="0.000">
    <skipped/>
  </testcase> <!-- enrollNowTest -->
  <testcase classname="pagesTest.HomePageTest" name="initialTest" time="0.012">
    <error type="java.lang.NullPointerException">
      <![CDATA[java.lang.NullPointerException
at reports.TestManager.createTest(TestManager.java:14)
at baseUtil.BaseClass.initialTest(BaseClass.java:44)
at java.base/jdk.internal.reflect.NativeMethodAccessorImpl.invoke0(Native Method)
at java.base/jdk.internal.reflect.NativeMethodAccessorImpl.invoke(NativeMethodAccessorImpl.java:62)
at java.base/jdk.internal.reflect.DelegatingMethodAccessorImpl.invoke(DelegatingMethodAccessorImpl.java:43)
at java.base/java.lang.reflect.Method.invoke(Method.java:566)
at org.testng.internal.invokers.MethodInvocationHelper.invokeMethod(MethodInvocationHelper.java:141)
at org.testng.internal.invokers.MethodInvocationHelper.invokeMethodConsideringTimeout(MethodInvocationHelper.java:71)
at org.testng.internal.invokers.ConfigInvoker.invokeConfigurationMethod(ConfigInvoker.java:400)
at org.testng.internal.invokers.ConfigInvoker.invokeConfigurations(ConfigInvoker.java:333)
at org.testng.internal.invokers.TestInvoker.runConfigMethods(TestInvoker.java:833)
at org.testng.internal.invokers.TestInvoker.invokeMethod(TestInvoker.java:600)
at org.testng.internal.invokers.TestInvoker.invokeTestMethod(TestInvoker.java:230)
at org.testng.internal.invokers.MethodRunner.runInSequence(MethodRunner.java:63)
at org.testng.internal.invokers.TestInvoker$MethodInvocationAgent.invoke(TestInvoker.java:992)
at org.testng.internal.invokers.TestInvoker.invokeTestMethods(TestInvoker.java:203)
at org.testng.internal.invokers.TestMethodWorker.invokeTestMethods(TestMethodWorker.java:154)
at org.testng.internal.invokers.TestMethodWorker.run(TestMethodWorker.java:134)
at java.base/java.util.ArrayList.forEach(ArrayList.java:1541)
at org.testng.TestRunner.privateRun(TestRunner.java:739)
at org.testng.TestRunner.run(TestRunner.java:614)
at org.testng.SuiteRunner.runTest(SuiteRunner.java:421)
at org.testng.SuiteRunner.runSequentially(SuiteRunner.java:413)
at org.testng.SuiteRunner.privateRun(SuiteRunner.java:373)
at org.testng.SuiteRunner.run(SuiteRunner.java:312)
at org.testng.SuiteRunnerWorker.runSuite(SuiteRunnerWorker.java:52)
at org.testng.SuiteRunnerWorker.run(SuiteRunnerWorker.java:95)
at org.testng.TestNG.runSuitesSequentially(TestNG.java:1274)
at org.testng.TestNG.runSuitesLocally(TestNG.java:1208)
at org.testng.TestNG.runSuites(TestNG.java:1112)
at org.testng.TestNG.run(TestNG.java:1079)
at org.testng.remote.AbstractRemoteTestNG.run(AbstractRemoteTestNG.java:115)
at org.testng.remote.RemoteTestNG.initAndRun(RemoteTestNG.java:293)
at org.testng.remote.RemoteTestNG.main(RemoteTestNG.java:91)
]]>
    </error>
  </testcase> <!-- initialTest -->
  <testcase classname="pagesTest.HomePageTest" name="enrollNowTest" time="0.000">
    <skipped/>
  </testcase> <!-- enrollNowTest -->
  <system-out>
    <![CDATA[[[ChromeDriver: chrome on windows (bf0bda2e443fd3a253295c3c79b955cf)] -> id: login-link]<---------> is Displayed, true<br>
Sleeping ... zZz 4000<br>
[[ChromeDriver: chrome on windows (bf0bda2e443fd3a253295c3c79b955cf)] -> xpath: //input[@name='username']]<---------> is Displayed, true<br>
7572maria@gmail.com <-----> has been put into <-----> [[ChromeDriver: chrome on windows (bf0bda2e443fd3a253295c3c79b955cf)] -> xpath: //input[@name='username']]<br>
[[ChromeDriver: chrome on windows (bf0bda2e443fd3a253295c3c79b955cf)] -> xpath: //input[@name='password']]<---------> is Displayed, true<br>
@#STM2024@# <-----> has been put into <-----> [[ChromeDriver: chrome on windows (bf0bda2e443fd3a253295c3c79b955cf)] -> xpath: //input[@name='password']]<br>
[[ChromeDriver: chrome on windows (bf0bda2e443fd3a253295c3c79b955cf)] -> css selector: input.btn.btn-lg.px-5]<---------> is Enabled, true<br>
Proxy element for: DefaultElementLocator 'By.cssSelector: input.btn.btn-lg.px-5'<-------> has been clicked<br>
Sleeping ... zZz 4000<br>
Sleeping ... zZz 4000<br>
[[ChromeDriver: chrome on windows (bf0bda2e443fd3a253295c3c79b955cf)] -> partial link text: Enroll Now]<---------> is Enabled, true<br>
[[ChromeDriver: chrome on windows (bf0bda2e443fd3a253295c3c79b955cf)] -> partial link text: Enroll Now] ---> Actual text : Enroll Now. Expected text : Enroll Now<br>
[[ChromeDriver: chrome on windows (bf0bda2e443fd3a253295c3c79b955cf)] -> partial link text: Enroll Now]<-------> has been clicked<br>
Sleeping ... zZz 4000<br>
Sleeping ... zZz 4000<br>]]>
  </system-out>
</testsuite> <!-- pagesTest.HomePageTest -->
